# JRE version: Java(TM) SE Runtime Environment (17.0.12+8) (build 17.0.12+8-LTS-286)
# Java VM: Java HotSpot(TM) 64-Bit Server VM (17.0.12+8-LTS-286, mixed mode, emulated-client, sharing, tiered, compressed oops, compressed class ptrs, g1 gc, windows-amd64)
GC Precious Log:
 CPUs: 8 total, 8 available
 Memory: 16221M
 Large Page Support: Disabled
 NUMA Support: Disabled
 Compressed Oops: Enabled (Zero based)
 Heap Region Size: 2M
 Heap Min Capacity: 8M
 Heap Initial Capacity: 254M
 Heap Max Capacity: 4056M
 Pre-touch: Disabled
 Parallel Workers: 8
 Concurrent Workers: 2
 Concurrent Refinement Workers: 8
 Periodic GC: Disabled
Heap:
 garbage-first heap   total 122880K, used 40253K [0x0000000702800000, 0x0000000800000000)
  region size 2048K, 2 young (4096K), 2 survivors (4096K)
 Metaspace       used 79473K, committed 80384K, reserved 1179648K
  class space    used 11514K, committed 11968K, reserved 1048576K
GC Heap History (20 events):
Event: 4.894 GC heap after
{Heap after GC invocations=17 (full 0):
 garbage-first heap   total 90112K, used 30505K [0x0000000702800000, 0x0000000800000000)
  region size 2048K, 3 young (6144K), 3 survivors (6144K)
 Metaspace       used 65494K, committed 66112K, reserved 1114112K
  class space    used 9506K, committed 9792K, reserved 1048576K
}
Event: 5.194 GC heap before
{Heap before GC invocations=18 (full 0):
 garbage-first heap   total 90112K, used 69417K [0x0000000702800000, 0x0000000800000000)
  region size 2048K, 22 young (45056K), 3 survivors (6144K)
 Metaspace       used 67489K, committed 68160K, reserved 1114112K
  class space    used 9795K, committed 10112K, reserved 1048576K
}
Event: 5.198 GC heap after
{Heap after GC invocations=19 (full 0):
 garbage-first heap   total 133120K, used 33113K [0x0000000702800000, 0x0000000800000000)
  region size 2048K, 3 young (6144K), 3 survivors (6144K)
 Metaspace       used 67489K, committed 68160K, reserved 1114112K
  class space    used 9795K, committed 10112K, reserved 1048576K
}
Event: 6.094 GC heap before
{Heap before GC invocations=19 (full 0):
 garbage-first heap   total 133120K, used 102745K [0x0000000702800000, 0x0000000800000000)
  region size 2048K, 38 young (77824K), 3 survivors (6144K)
 Metaspace       used 71761K, committed 72448K, reserved 1114112K
  class space    used 10480K, committed 10816K, reserved 1048576K
}
Event: 6.100 GC heap after
{Heap after GC invocations=20 (full 0):
 garbage-first heap   total 133120K, used 36035K [0x0000000702800000, 0x0000000800000000)
  region size 2048K, 3 young (6144K), 3 survivors (6144K)
 Metaspace       used 71761K, committed 72448K, reserved 1114112K
  class space    used 10480K, committed 10816K, reserved 1048576K
}
Event: 252.548 GC heap before
{Heap before GC invocations=20 (full 0):
 garbage-first heap   total 133120K, used 97475K [0x0000000702800000, 0x0000000800000000)
  region size 2048K, 35 young (71680K), 3 survivors (6144K)
 Metaspace       used 79222K, committed 80000K, reserved 1179648K
  class space    used 11544K, committed 11904K, reserved 1048576K
}
Event: 252.585 GC heap after
{Heap after GC invocations=21 (full 1):
 garbage-first heap   total 131072K, used 32449K [0x0000000702800000, 0x0000000800000000)
  region size 2048K, 0 young (0K), 0 survivors (0K)
 Metaspace       used 79215K, committed 80000K, reserved 1179648K
  class space    used 11543K, committed 11904K, reserved 1048576K
}
Event: 253.121 GC heap before
{Heap before GC invocations=21 (full 1):
 garbage-first heap   total 131072K, used 95937K [0x0000000702800000, 0x0000000800000000)
  region size 2048K, 32 young (65536K), 0 survivors (0K)
 Metaspace       used 79270K, committed 80128K, reserved 1179648K
  class space    used 11552K, committed 11968K, reserved 1048576K
}
Event: 253.124 GC heap after
{Heap after GC invocations=22 (full 1):
 garbage-first heap   total 131072K, used 37276K [0x0000000702800000, 0x0000000800000000)
  region size 2048K, 3 young (6144K), 3 survivors (6144K)
 Metaspace       used 79270K, committed 80128K, reserved 1179648K
  class space    used 11552K, committed 11968K, reserved 1048576K
}
Event: 253.611 GC heap before
{Heap before GC invocations=22 (full 1):
 garbage-first heap   total 131072K, used 98716K [0x0000000702800000, 0x0000000800000000)
  region size 2048K, 33 young (67584K), 3 survivors (6144K)
 Metaspace       used 79565K, committed 80384K, reserved 1179648K
  class space    used 11579K, committed 11968K, reserved 1048576K
}
Event: 253.615 GC heap after
{Heap after GC invocations=23 (full 1):
 garbage-first heap   total 131072K, used 40529K [0x0000000702800000, 0x0000000800000000)
  region size 2048K, 4 young (8192K), 4 survivors (8192K)
 Metaspace       used 79565K, committed 80384K, reserved 1179648K
  class space    used 11579K, committed 11968K, reserved 1048576K
}
Event: 255.506 GC heap before
{Heap before GC invocations=23 (full 1):
 garbage-first heap   total 131072K, used 93777K [0x0000000702800000, 0x0000000800000000)
  region size 2048K, 31 young (63488K), 4 survivors (8192K)
 Metaspace       used 79579K, committed 80384K, reserved 1179648K
  class space    used 11582K, committed 11968K, reserved 1048576K
}
Event: 255.540 GC heap after
{Heap after GC invocations=24 (full 2):
 garbage-first heap   total 122880K, used 30605K [0x0000000702800000, 0x0000000800000000)
  region size 2048K, 0 young (0K), 0 survivors (0K)
 Metaspace       used 79129K, committed 80384K, reserved 1179648K
  class space    used 11481K, committed 11968K, reserved 1048576K
}
Event: 255.960 GC heap before
{Heap before GC invocations=24 (full 2):
 garbage-first heap   total 122880K, used 89997K [0x0000000702800000, 0x0000000800000000)
  region size 2048K, 30 young (61440K), 0 survivors (0K)
 Metaspace       used 79189K, committed 80384K, reserved 1179648K
  class space    used 11490K, committed 11968K, reserved 1048576K
}
Event: 255.964 GC heap after
{Heap after GC invocations=25 (full 2):
 garbage-first heap   total 122880K, used 35546K [0x0000000702800000, 0x0000000800000000)
  region size 2048K, 3 young (6144K), 3 survivors (6144K)
 Metaspace       used 79189K, committed 80384K, reserved 1179648K
  class space    used 11490K, committed 11968K, reserved 1048576K
}
Event: 256.260 GC heap before
{Heap before GC invocations=25 (full 2):
 garbage-first heap   total 122880K, used 92890K [0x0000000702800000, 0x0000000800000000)
  region size 2048K, 31 young (63488K), 3 survivors (6144K)
 Metaspace       used 79453K, committed 80384K, reserved 1179648K
  class space    used 11511K, committed 11968K, reserved 1048576K
}
Event: 256.264 GC heap after
{Heap after GC invocations=26 (full 2):
 garbage-first heap   total 122880K, used 38690K [0x0000000702800000, 0x0000000800000000)
  region size 2048K, 2 young (4096K), 2 survivors (4096K)
 Metaspace       used 79453K, committed 80384K, reserved 1179648K
  class space    used 11511K, committed 11968K, reserved 1048576K
}
Event: 256.537 GC heap before
{Heap before GC invocations=26 (full 2):
 garbage-first heap   total 122880K, used 91938K [0x0000000702800000, 0x0000000800000000)
  region size 2048K, 28 young (57344K), 2 survivors (4096K)
 Metaspace       used 79463K, committed 80384K, reserved 1179648K
  class space    used 11512K, committed 11968K, reserved 1048576K
}
Event: 256.540 GC heap after
{Heap after GC invocations=27 (full 2):
 garbage-first heap   total 122880K, used 40331K [0x0000000702800000, 0x0000000800000000)
  region size 2048K, 3 young (6144K), 3 survivors (6144K)
 Metaspace       used 79463K, committed 80384K, reserved 1179648K
  class space    used 11512K, committed 11968K, reserved 1048576K
}
Event: 880.437 GC heap before
{Heap before GC invocations=27 (full 2):
 garbage-first heap   total 122880K, used 91531K [0x0000000702800000, 0x0000000800000000)
  region size 2048K, 28 young (57344K), 3 survivors (6144K)
 Metaspace       used 79473K, committed 80384K, reserved 1179648K
  class space    used 11514K, committed 11968K, reserved 1048576K
}

